<?xml version="1.0" encoding="UTF-8"?>
<!-- Generated by org.testng.reporters.JUnitXMLReporter -->
<testsuite hostname="Mikhails-MacBook-Pro.local" name="flodida" tests="7" failures="1" timestamp="5 Aug 2016 04:22:37 GMT" time="14.736" errors="0">
  <testcase name="californiaTotalsTest" time="2.722" classname="artID.FurstTest"/>
  <testcase name="mnTestTotal" time="2.143" classname="artID.FurstTest"/>
  <testcase name="nyTestTotal" time="2.058" classname="artID.FurstTest"/>
  <testcase name="otherStateTestTotal" time="2.04" classname="artID.FurstTest"/>
  <testcase name="titleAssetion" time="0.006" classname="artID.FurstTest"/>
  <testcase name="validateCheckoutButtonWithEmptyFields" time="0.026" classname="artID.FurstTest">
    <failure type="java.lang.AssertionError" message="expected [false] but found [true]">
      <![CDATA[java.lang.AssertionError: expected [false] but found [true]
	at artID.FurstTest.validateCheckoutButtonWithEmptyFields(FurstTest.java:31)
... Removed 28 stack frames]]>
    </failure>
  </testcase> <!-- validateCheckoutButtonWithEmptyFields -->
  <testcase name="validateMainItems" time="0.181" classname="artID.FurstTest"/>
</testsuite> <!-- flodida -->
