<?xml version="1.0" encoding="UTF-8"?>
<!-- Generated by org.testng.reporters.JUnitXMLReporter -->
<testsuite hostname="Mikhails-MacBook-Pro.local" name="states" tests="10" failures="1" timestamp="5 Aug 2016 04:32:27 GMT" time="21.687" errors="0">
  <testcase name="californiaTotalsTest" time="2.558" classname="artID.FurstTest"/>
  <testcase name="mnTestTotal" time="2.3" classname="artID.FurstTest"/>
  <testcase name="nyTestTotal" time="2.024" classname="artID.FurstTest"/>
  <testcase name="otherStateTestTotal" time="1.987" classname="artID.FurstTest"/>
  <testcase name="otherStateTestTotal" time="2.069" classname="artID.FurstTest"/>
  <testcase name="otherStateTestTotal" time="1.965" classname="artID.FurstTest"/>
  <testcase name="otherStateTestTotal" time="2.065" classname="artID.FurstTest"/>
  <testcase name="titleAssetion" time="0.008" classname="artID.FurstTest"/>
  <testcase name="validateCheckoutButtonWithEmptyFields" time="0.021" classname="artID.FurstTest">
    <failure type="java.lang.AssertionError" message="expected [false] but found [true]">
      <![CDATA[java.lang.AssertionError: expected [false] but found [true]
	at artID.FurstTest.validateCheckoutButtonWithEmptyFields(FurstTest.java:34)
... Removed 28 stack frames]]>
    </failure>
  </testcase> <!-- validateCheckoutButtonWithEmptyFields -->
  <testcase name="validateMainItems" time="0.175" classname="artID.FurstTest"/>
</testsuite> <!-- states -->
