-------------------------------------------------------------------------------
Test set: artID.FurstTest
-------------------------------------------------------------------------------
Tests run: 7, Failures: 1, Errors: 0, Skipped: 0, Time elapsed: 24.011 sec <<< FAILURE!
validateCheckoutButtonWithEmptyFields(artID.FurstTest)  Time elapsed: 0.031 sec  <<< FAILURE!
java.lang.AssertionError: expected [false] but found [true]
	at org.testng.Assert.fail(Assert.java:94)
	at org.testng.Assert.failNotEquals(Assert.java:494)
	at org.testng.Assert.assertFalse(Assert.java:63)
	at org.testng.Assert.assertFalse(Assert.java:73)
	at artID.FurstTest.validateCheckoutButtonWithEmptyFields(FurstTest.java:30)

