<?xml version="1.0" encoding="UTF-8"?>
<testng-results skipped="0" failed="1" total="7" passed="6">
  <reporter-output>
  </reporter-output>
  <suite name="artID.FurstTest" duration-ms="23378" started-at="2016-08-04T23:09:06Z" finished-at="2016-08-04T23:09:30Z">
    <groups>
    </groups>
    <test name="Command line test" duration-ms="23378" started-at="2016-08-04T23:09:06Z" finished-at="2016-08-04T23:09:30Z">
      <class name="artID.FurstTest">
        <test-method status="PASS" signature="setup()[pri:0, instance:artID.FurstTest@246ae04d]" name="setup" is-config="true" duration-ms="3484" started-at="2016-08-04T16:09:06Z" finished-at="2016-08-04T16:09:10Z">
          <reporter-output>
          </reporter-output>
        </test-method> <!-- setup -->
        <test-method status="PASS" signature="navigateToUrl()[pri:0, instance:artID.FurstTest@246ae04d]" name="navigateToUrl" is-config="true" duration-ms="8405" started-at="2016-08-04T16:09:10Z" finished-at="2016-08-04T16:09:18Z">
          <reporter-output>
          </reporter-output>
        </test-method> <!-- navigateToUrl -->
        <test-method status="PASS" signature="californiaTotalsTest()[pri:0, instance:artID.FurstTest@246ae04d]" name="californiaTotalsTest" duration-ms="2607" started-at="2016-08-04T16:09:18Z" finished-at="2016-08-04T16:09:21Z">
          <reporter-output>
          </reporter-output>
        </test-method> <!-- californiaTotalsTest -->
        <test-method status="PASS" signature="afterMethodExecution(org.testng.ITestResult)[pri:0, instance:artID.FurstTest@246ae04d]" name="afterMethodExecution" is-config="true" duration-ms="8" started-at="2016-08-04T16:09:21Z" finished-at="2016-08-04T16:09:21Z">
          <params>
            <param index="0">
              <value>
                <![CDATA[[TestResult name=californiaTotalsTest status=SUCCESS method=FurstTest.californiaTotalsTest()[pri:0, instance:artID.FurstTest@246ae04d] output={null}]]]>
              </value>
            </param>
          </params>
          <reporter-output>
          </reporter-output>
        </test-method> <!-- afterMethodExecution -->
        <test-method status="PASS" signature="navigateToUrl()[pri:0, instance:artID.FurstTest@246ae04d]" name="navigateToUrl" is-config="true" duration-ms="202" started-at="2016-08-04T16:09:21Z" finished-at="2016-08-04T16:09:21Z">
          <reporter-output>
          </reporter-output>
        </test-method> <!-- navigateToUrl -->
        <test-method status="PASS" signature="mnTestTotal()[pri:0, instance:artID.FurstTest@246ae04d]" name="mnTestTotal" duration-ms="2337" started-at="2016-08-04T16:09:21Z" finished-at="2016-08-04T16:09:23Z">
          <reporter-output>
          </reporter-output>
        </test-method> <!-- mnTestTotal -->
        <test-method status="PASS" signature="afterMethodExecution(org.testng.ITestResult)[pri:0, instance:artID.FurstTest@246ae04d]" name="afterMethodExecution" is-config="true" duration-ms="0" started-at="2016-08-04T16:09:23Z" finished-at="2016-08-04T16:09:23Z">
          <params>
            <param index="0">
              <value>
                <![CDATA[[TestResult name=mnTestTotal status=SUCCESS method=FurstTest.mnTestTotal()[pri:0, instance:artID.FurstTest@246ae04d] output={null}]]]>
              </value>
            </param>
          </params>
          <reporter-output>
          </reporter-output>
        </test-method> <!-- afterMethodExecution -->
        <test-method status="PASS" signature="navigateToUrl()[pri:0, instance:artID.FurstTest@246ae04d]" name="navigateToUrl" is-config="true" duration-ms="158" started-at="2016-08-04T16:09:23Z" finished-at="2016-08-04T16:09:23Z">
          <reporter-output>
          </reporter-output>
        </test-method> <!-- navigateToUrl -->
        <test-method status="PASS" signature="nyTestTotal()[pri:0, instance:artID.FurstTest@246ae04d]" name="nyTestTotal" duration-ms="2142" started-at="2016-08-04T16:09:23Z" finished-at="2016-08-04T16:09:26Z">
          <reporter-output>
          </reporter-output>
        </test-method> <!-- nyTestTotal -->
        <test-method status="PASS" signature="afterMethodExecution(org.testng.ITestResult)[pri:0, instance:artID.FurstTest@246ae04d]" name="afterMethodExecution" is-config="true" duration-ms="0" started-at="2016-08-04T16:09:26Z" finished-at="2016-08-04T16:09:26Z">
          <params>
            <param index="0">
              <value>
                <![CDATA[[TestResult name=nyTestTotal status=SUCCESS method=FurstTest.nyTestTotal()[pri:0, instance:artID.FurstTest@246ae04d] output={null}]]]>
              </value>
            </param>
          </params>
          <reporter-output>
          </reporter-output>
        </test-method> <!-- afterMethodExecution -->
        <test-method status="PASS" signature="navigateToUrl()[pri:0, instance:artID.FurstTest@246ae04d]" name="navigateToUrl" is-config="true" duration-ms="163" started-at="2016-08-04T16:09:26Z" finished-at="2016-08-04T16:09:26Z">
          <reporter-output>
          </reporter-output>
        </test-method> <!-- navigateToUrl -->
        <test-method status="PASS" signature="otherStateTestTotal()[pri:0, instance:artID.FurstTest@246ae04d]" name="otherStateTestTotal" duration-ms="2022" started-at="2016-08-04T16:09:26Z" finished-at="2016-08-04T16:09:28Z">
          <reporter-output>
          </reporter-output>
        </test-method> <!-- otherStateTestTotal -->
        <test-method status="PASS" signature="afterMethodExecution(org.testng.ITestResult)[pri:0, instance:artID.FurstTest@246ae04d]" name="afterMethodExecution" is-config="true" duration-ms="0" started-at="2016-08-04T16:09:28Z" finished-at="2016-08-04T16:09:28Z">
          <params>
            <param index="0">
              <value>
                <![CDATA[[TestResult name=otherStateTestTotal status=SUCCESS method=FurstTest.otherStateTestTotal()[pri:0, instance:artID.FurstTest@246ae04d] output={null}]]]>
              </value>
            </param>
          </params>
          <reporter-output>
          </reporter-output>
        </test-method> <!-- afterMethodExecution -->
        <test-method status="PASS" signature="navigateToUrl()[pri:0, instance:artID.FurstTest@246ae04d]" name="navigateToUrl" is-config="true" duration-ms="187" started-at="2016-08-04T16:09:28Z" finished-at="2016-08-04T16:09:28Z">
          <reporter-output>
          </reporter-output>
        </test-method> <!-- navigateToUrl -->
        <test-method status="PASS" signature="titleAssetion()[pri:0, instance:artID.FurstTest@246ae04d]" name="titleAssetion" duration-ms="41" started-at="2016-08-04T16:09:28Z" finished-at="2016-08-04T16:09:28Z">
          <reporter-output>
          </reporter-output>
        </test-method> <!-- titleAssetion -->
        <test-method status="PASS" signature="afterMethodExecution(org.testng.ITestResult)[pri:0, instance:artID.FurstTest@246ae04d]" name="afterMethodExecution" is-config="true" duration-ms="0" started-at="2016-08-04T16:09:28Z" finished-at="2016-08-04T16:09:28Z">
          <params>
            <param index="0">
              <value>
                <![CDATA[[TestResult name=titleAssetion status=SUCCESS method=FurstTest.titleAssetion()[pri:0, instance:artID.FurstTest@246ae04d] output={null}]]]>
              </value>
            </param>
          </params>
          <reporter-output>
          </reporter-output>
        </test-method> <!-- afterMethodExecution -->
        <test-method status="PASS" signature="navigateToUrl()[pri:0, instance:artID.FurstTest@246ae04d]" name="navigateToUrl" is-config="true" duration-ms="165" started-at="2016-08-04T16:09:28Z" finished-at="2016-08-04T16:09:28Z">
          <reporter-output>
          </reporter-output>
        </test-method> <!-- navigateToUrl -->
        <test-method status="FAIL" signature="validateCheckoutButtonWithEmptyFields()[pri:0, instance:artID.FurstTest@246ae04d]" name="validateCheckoutButtonWithEmptyFields" duration-ms="24" started-at="2016-08-04T16:09:28Z" finished-at="2016-08-04T16:09:28Z">
          <exception class="java.lang.AssertionError">
            <message>
              <![CDATA[expected [false] but found [true]]]>
            </message>
            <full-stacktrace>
              <![CDATA[java.lang.AssertionError: expected [false] but found [true]
	at org.testng.Assert.fail(Assert.java:94)
	at org.testng.Assert.failNotEquals(Assert.java:494)
	at org.testng.Assert.assertFalse(Assert.java:63)
	at org.testng.Assert.assertFalse(Assert.java:73)
	at artID.FurstTest.validateCheckoutButtonWithEmptyFields(FurstTest.java:30)
	at sun.reflect.NativeMethodAccessorImpl.invoke0(Native Method)
	at sun.reflect.NativeMethodAccessorImpl.invoke(NativeMethodAccessorImpl.java:62)
	at sun.reflect.DelegatingMethodAccessorImpl.invoke(DelegatingMethodAccessorImpl.java:43)
	at java.lang.reflect.Method.invoke(Method.java:498)
	at org.testng.internal.MethodInvocationHelper.invokeMethod(MethodInvocationHelper.java:80)
	at org.testng.internal.Invoker.invokeMethod(Invoker.java:714)
	at org.testng.internal.Invoker.invokeTestMethod(Invoker.java:901)
	at org.testng.internal.Invoker.invokeTestMethods(Invoker.java:1231)
	at org.testng.internal.TestMethodWorker.invokeTestMethods(TestMethodWorker.java:127)
	at org.testng.internal.TestMethodWorker.run(TestMethodWorker.java:111)
	at org.testng.TestRunner.privateRun(TestRunner.java:767)
	at org.testng.TestRunner.run(TestRunner.java:617)
	at org.testng.SuiteRunner.runTest(SuiteRunner.java:334)
	at org.testng.SuiteRunner.runSequentially(SuiteRunner.java:329)
	at org.testng.SuiteRunner.privateRun(SuiteRunner.java:291)
	at org.testng.SuiteRunner.run(SuiteRunner.java:240)
	at org.testng.SuiteRunnerWorker.runSuite(SuiteRunnerWorker.java:52)
	at org.testng.SuiteRunnerWorker.run(SuiteRunnerWorker.java:86)
	at org.testng.TestNG.runSuitesSequentially(TestNG.java:1198)
	at org.testng.TestNG.runSuitesLocally(TestNG.java:1123)
	at org.testng.TestNG.run(TestNG.java:1031)
	at org.apache.maven.surefire.testng.TestNGExecutor.run(TestNGExecutor.java:77)
	at org.apache.maven.surefire.testng.TestNGDirectoryTestSuite.execute(TestNGDirectoryTestSuite.java:110)
	at org.apache.maven.surefire.testng.TestNGProvider.invoke(TestNGProvider.java:106)
	at sun.reflect.NativeMethodAccessorImpl.invoke0(Native Method)
	at sun.reflect.NativeMethodAccessorImpl.invoke(NativeMethodAccessorImpl.java:62)
	at sun.reflect.DelegatingMethodAccessorImpl.invoke(DelegatingMethodAccessorImpl.java:43)
	at java.lang.reflect.Method.invoke(Method.java:498)
	at org.apache.maven.surefire.util.ReflectionUtils.invokeMethodWithArray(ReflectionUtils.java:189)
	at org.apache.maven.surefire.booter.ProviderFactory$ProviderProxy.invoke(ProviderFactory.java:165)
	at org.apache.maven.surefire.booter.ProviderFactory.invokeProvider(ProviderFactory.java:85)
	at org.apache.maven.surefire.booter.ForkedBooter.runSuitesInProcess(ForkedBooter.java:115)
	at org.apache.maven.surefire.booter.ForkedBooter.main(ForkedBooter.java:75)
]]>
            </full-stacktrace>
          </exception> <!-- java.lang.AssertionError -->
          <reporter-output>
          </reporter-output>
        </test-method> <!-- validateCheckoutButtonWithEmptyFields -->
        <test-method status="PASS" signature="afterMethodExecution(org.testng.ITestResult)[pri:0, instance:artID.FurstTest@246ae04d]" name="afterMethodExecution" is-config="true" duration-ms="526" started-at="2016-08-04T16:09:28Z" finished-at="2016-08-04T16:09:29Z">
          <params>
            <param index="0">
              <value>
                <![CDATA[[TestResult name=validateCheckoutButtonWithEmptyFields status=FAILURE method=FurstTest.validateCheckoutButtonWithEmptyFields()[pri:0, instance:artID.FurstTest@246ae04d] output={null}]]]>
              </value>
            </param>
          </params>
          <reporter-output>
          </reporter-output>
        </test-method> <!-- afterMethodExecution -->
        <test-method status="PASS" signature="navigateToUrl()[pri:0, instance:artID.FurstTest@246ae04d]" name="navigateToUrl" is-config="true" duration-ms="178" started-at="2016-08-04T16:09:29Z" finished-at="2016-08-04T16:09:29Z">
          <reporter-output>
          </reporter-output>
        </test-method> <!-- navigateToUrl -->
        <test-method status="PASS" signature="validateMainItems()[pri:0, instance:artID.FurstTest@246ae04d]" name="validateMainItems" duration-ms="130" started-at="2016-08-04T16:09:29Z" finished-at="2016-08-04T16:09:29Z">
          <reporter-output>
          </reporter-output>
        </test-method> <!-- validateMainItems -->
        <test-method status="PASS" signature="afterMethodExecution(org.testng.ITestResult)[pri:0, instance:artID.FurstTest@246ae04d]" name="afterMethodExecution" is-config="true" duration-ms="0" started-at="2016-08-04T16:09:29Z" finished-at="2016-08-04T16:09:29Z">
          <params>
            <param index="0">
              <value>
                <![CDATA[[TestResult name=validateMainItems status=SUCCESS method=FurstTest.validateMainItems()[pri:0, instance:artID.FurstTest@246ae04d] output={null}]]]>
              </value>
            </param>
          </params>
          <reporter-output>
          </reporter-output>
        </test-method> <!-- afterMethodExecution -->
        <test-method status="PASS" signature="tearDown()[pri:0, instance:artID.FurstTest@246ae04d]" name="tearDown" is-config="true" duration-ms="577" started-at="2016-08-04T16:09:29Z" finished-at="2016-08-04T16:09:30Z">
          <reporter-output>
          </reporter-output>
        </test-method> <!-- tearDown -->
      </class> <!-- artID.FurstTest -->
    </test> <!-- Command line test -->
  </suite> <!-- artID.FurstTest -->
</testng-results>
