<?xml version="1.0" encoding="UTF-8"?>
<testng-results skipped="0" failed="1" total="10" passed="9">
  <reporter-output>
  </reporter-output>
  <suite name="TestAll" duration-ms="21687" started-at="2016-08-05T04:32:05Z" finished-at="2016-08-05T04:32:27Z">
    <groups>
    </groups>
    <test name="states" duration-ms="21687" started-at="2016-08-05T04:32:05Z" finished-at="2016-08-05T04:32:27Z">
      <class name="artID.FurstTest">
        <test-method status="PASS" signature="setup()[pri:0, instance:artID.FurstTest@55f3ddb1]" name="setup" is-config="true" duration-ms="2705" started-at="2016-08-04T21:32:05Z" finished-at="2016-08-04T21:32:08Z">
          <reporter-output>
          </reporter-output>
        </test-method> <!-- setup -->
        <test-method status="PASS" signature="navigateToUrl()[pri:0, instance:artID.FurstTest@55f3ddb1]" name="navigateToUrl" is-config="true" duration-ms="1324" started-at="2016-08-04T21:32:08Z" finished-at="2016-08-04T21:32:09Z">
          <reporter-output>
          </reporter-output>
        </test-method> <!-- navigateToUrl -->
        <test-method status="PASS" signature="californiaTotalsTest()[pri:0, instance:artID.FurstTest@55f3ddb1]" name="californiaTotalsTest" duration-ms="2558" started-at="2016-08-04T21:32:09Z" finished-at="2016-08-04T21:32:11Z">
          <reporter-output>
          </reporter-output>
        </test-method> <!-- californiaTotalsTest -->
        <test-method status="PASS" signature="afterMethodExecution(org.testng.ITestResult)[pri:0, instance:artID.FurstTest@55f3ddb1]" name="afterMethodExecution" is-config="true" duration-ms="1" started-at="2016-08-04T21:32:11Z" finished-at="2016-08-04T21:32:11Z">
          <params>
            <param index="0">
              <value>
                <![CDATA[[TestResult name=californiaTotalsTest status=SUCCESS method=FurstTest.californiaTotalsTest()[pri:0, instance:artID.FurstTest@55f3ddb1] output={null}]]]>
              </value>
            </param>
          </params>
          <reporter-output>
          </reporter-output>
        </test-method> <!-- afterMethodExecution -->
        <test-method status="PASS" signature="navigateToUrl()[pri:0, instance:artID.FurstTest@55f3ddb1]" name="navigateToUrl" is-config="true" duration-ms="164" started-at="2016-08-04T21:32:11Z" finished-at="2016-08-04T21:32:12Z">
          <reporter-output>
          </reporter-output>
        </test-method> <!-- navigateToUrl -->
        <test-method status="PASS" signature="mnTestTotal()[pri:0, instance:artID.FurstTest@55f3ddb1]" name="mnTestTotal" duration-ms="2300" started-at="2016-08-04T21:32:12Z" finished-at="2016-08-04T21:32:14Z">
          <reporter-output>
          </reporter-output>
        </test-method> <!-- mnTestTotal -->
        <test-method status="PASS" signature="afterMethodExecution(org.testng.ITestResult)[pri:0, instance:artID.FurstTest@55f3ddb1]" name="afterMethodExecution" is-config="true" duration-ms="0" started-at="2016-08-04T21:32:14Z" finished-at="2016-08-04T21:32:14Z">
          <params>
            <param index="0">
              <value>
                <![CDATA[[TestResult name=mnTestTotal status=SUCCESS method=FurstTest.mnTestTotal()[pri:0, instance:artID.FurstTest@55f3ddb1] output={null}]]]>
              </value>
            </param>
          </params>
          <reporter-output>
          </reporter-output>
        </test-method> <!-- afterMethodExecution -->
        <test-method status="PASS" signature="navigateToUrl()[pri:0, instance:artID.FurstTest@55f3ddb1]" name="navigateToUrl" is-config="true" duration-ms="149" started-at="2016-08-04T21:32:14Z" finished-at="2016-08-04T21:32:14Z">
          <reporter-output>
          </reporter-output>
        </test-method> <!-- navigateToUrl -->
        <test-method status="PASS" signature="nyTestTotal()[pri:0, instance:artID.FurstTest@55f3ddb1]" name="nyTestTotal" duration-ms="2024" started-at="2016-08-04T21:32:14Z" finished-at="2016-08-04T21:32:16Z">
          <reporter-output>
          </reporter-output>
        </test-method> <!-- nyTestTotal -->
        <test-method status="PASS" signature="afterMethodExecution(org.testng.ITestResult)[pri:0, instance:artID.FurstTest@55f3ddb1]" name="afterMethodExecution" is-config="true" duration-ms="0" started-at="2016-08-04T21:32:16Z" finished-at="2016-08-04T21:32:16Z">
          <params>
            <param index="0">
              <value>
                <![CDATA[[TestResult name=nyTestTotal status=SUCCESS method=FurstTest.nyTestTotal()[pri:0, instance:artID.FurstTest@55f3ddb1] output={null}]]]>
              </value>
            </param>
          </params>
          <reporter-output>
          </reporter-output>
        </test-method> <!-- afterMethodExecution -->
        <test-method status="PASS" signature="navigateToUrl()[pri:0, instance:artID.FurstTest@55f3ddb1]" name="navigateToUrl" is-config="true" duration-ms="151" started-at="2016-08-04T21:32:16Z" finished-at="2016-08-04T21:32:16Z">
          <reporter-output>
          </reporter-output>
        </test-method> <!-- navigateToUrl -->
        <test-method status="PASS" signature="otherStateTestTotal(java.lang.String)[pri:0, instance:artID.FurstTest@55f3ddb1]" name="otherStateTestTotal" duration-ms="1987" started-at="2016-08-04T21:32:16Z" data-provider="states" finished-at="2016-08-04T21:32:18Z">
          <params>
            <param index="0">
              <value>
                <![CDATA[Oregon]]>
              </value>
            </param>
          </params>
          <reporter-output>
          </reporter-output>
        </test-method> <!-- otherStateTestTotal -->
        <test-method status="PASS" signature="afterMethodExecution(org.testng.ITestResult)[pri:0, instance:artID.FurstTest@55f3ddb1]" name="afterMethodExecution" is-config="true" duration-ms="1" started-at="2016-08-04T21:32:18Z" finished-at="2016-08-04T21:32:18Z">
          <params>
            <param index="0">
              <value>
                <![CDATA[[TestResult name=otherStateTestTotal status=SUCCESS method=FurstTest.otherStateTestTotal(java.lang.String)[pri:0, instance:artID.FurstTest@55f3ddb1] output={null}]]]>
              </value>
            </param>
          </params>
          <reporter-output>
          </reporter-output>
        </test-method> <!-- afterMethodExecution -->
        <test-method status="PASS" signature="navigateToUrl()[pri:0, instance:artID.FurstTest@55f3ddb1]" name="navigateToUrl" is-config="true" duration-ms="141" started-at="2016-08-04T21:32:18Z" finished-at="2016-08-04T21:32:18Z">
          <reporter-output>
          </reporter-output>
        </test-method> <!-- navigateToUrl -->
        <test-method status="PASS" signature="otherStateTestTotal(java.lang.String)[pri:0, instance:artID.FurstTest@55f3ddb1]" name="otherStateTestTotal" duration-ms="2069" started-at="2016-08-04T21:32:18Z" data-provider="states" finished-at="2016-08-04T21:32:20Z">
          <params>
            <param index="0">
              <value>
                <![CDATA[Alabama]]>
              </value>
            </param>
          </params>
          <reporter-output>
          </reporter-output>
        </test-method> <!-- otherStateTestTotal -->
        <test-method status="PASS" signature="afterMethodExecution(org.testng.ITestResult)[pri:0, instance:artID.FurstTest@55f3ddb1]" name="afterMethodExecution" is-config="true" duration-ms="0" started-at="2016-08-04T21:32:20Z" finished-at="2016-08-04T21:32:20Z">
          <params>
            <param index="0">
              <value>
                <![CDATA[[TestResult name=otherStateTestTotal status=SUCCESS method=FurstTest.otherStateTestTotal(java.lang.String)[pri:0, instance:artID.FurstTest@55f3ddb1] output={null}]]]>
              </value>
            </param>
          </params>
          <reporter-output>
          </reporter-output>
        </test-method> <!-- afterMethodExecution -->
        <test-method status="PASS" signature="navigateToUrl()[pri:0, instance:artID.FurstTest@55f3ddb1]" name="navigateToUrl" is-config="true" duration-ms="154" started-at="2016-08-04T21:32:20Z" finished-at="2016-08-04T21:32:21Z">
          <reporter-output>
          </reporter-output>
        </test-method> <!-- navigateToUrl -->
        <test-method status="PASS" signature="otherStateTestTotal(java.lang.String)[pri:0, instance:artID.FurstTest@55f3ddb1]" name="otherStateTestTotal" duration-ms="1965" started-at="2016-08-04T21:32:21Z" data-provider="states" finished-at="2016-08-04T21:32:23Z">
          <params>
            <param index="0">
              <value>
                <![CDATA[Alaska]]>
              </value>
            </param>
          </params>
          <reporter-output>
          </reporter-output>
        </test-method> <!-- otherStateTestTotal -->
        <test-method status="PASS" signature="navigateToUrl()[pri:0, instance:artID.FurstTest@55f3ddb1]" name="navigateToUrl" is-config="true" duration-ms="140" started-at="2016-08-04T21:32:23Z" finished-at="2016-08-04T21:32:23Z">
          <reporter-output>
          </reporter-output>
        </test-method> <!-- navigateToUrl -->
        <test-method status="PASS" signature="afterMethodExecution(org.testng.ITestResult)[pri:0, instance:artID.FurstTest@55f3ddb1]" name="afterMethodExecution" is-config="true" duration-ms="0" started-at="2016-08-04T21:32:23Z" finished-at="2016-08-04T21:32:23Z">
          <params>
            <param index="0">
              <value>
                <![CDATA[[TestResult name=otherStateTestTotal status=SUCCESS method=FurstTest.otherStateTestTotal(java.lang.String)[pri:0, instance:artID.FurstTest@55f3ddb1] output={null}]]]>
              </value>
            </param>
          </params>
          <reporter-output>
          </reporter-output>
        </test-method> <!-- afterMethodExecution -->
        <test-method status="PASS" signature="otherStateTestTotal(java.lang.String)[pri:0, instance:artID.FurstTest@55f3ddb1]" name="otherStateTestTotal" duration-ms="2065" started-at="2016-08-04T21:32:23Z" data-provider="states" finished-at="2016-08-04T21:32:25Z">
          <params>
            <param index="0">
              <value>
                <![CDATA[Texas]]>
              </value>
            </param>
          </params>
          <reporter-output>
          </reporter-output>
        </test-method> <!-- otherStateTestTotal -->
        <test-method status="PASS" signature="navigateToUrl()[pri:0, instance:artID.FurstTest@55f3ddb1]" name="navigateToUrl" is-config="true" duration-ms="176" started-at="2016-08-04T21:32:25Z" finished-at="2016-08-04T21:32:25Z">
          <reporter-output>
          </reporter-output>
        </test-method> <!-- navigateToUrl -->
        <test-method status="PASS" signature="afterMethodExecution(org.testng.ITestResult)[pri:0, instance:artID.FurstTest@55f3ddb1]" name="afterMethodExecution" is-config="true" duration-ms="0" started-at="2016-08-04T21:32:25Z" finished-at="2016-08-04T21:32:25Z">
          <params>
            <param index="0">
              <value>
                <![CDATA[[TestResult name=otherStateTestTotal status=SUCCESS method=FurstTest.otherStateTestTotal(java.lang.String)[pri:0, instance:artID.FurstTest@55f3ddb1] output={null}]]]>
              </value>
            </param>
          </params>
          <reporter-output>
          </reporter-output>
        </test-method> <!-- afterMethodExecution -->
        <test-method status="PASS" signature="titleAssetion()[pri:0, instance:artID.FurstTest@55f3ddb1]" name="titleAssetion" duration-ms="8" started-at="2016-08-04T21:32:25Z" finished-at="2016-08-04T21:32:25Z">
          <reporter-output>
          </reporter-output>
        </test-method> <!-- titleAssetion -->
        <test-method status="PASS" signature="afterMethodExecution(org.testng.ITestResult)[pri:0, instance:artID.FurstTest@55f3ddb1]" name="afterMethodExecution" is-config="true" duration-ms="1" started-at="2016-08-04T21:32:25Z" finished-at="2016-08-04T21:32:25Z">
          <params>
            <param index="0">
              <value>
                <![CDATA[[TestResult name=titleAssetion status=SUCCESS method=FurstTest.titleAssetion()[pri:0, instance:artID.FurstTest@55f3ddb1] output={null}]]]>
              </value>
            </param>
          </params>
          <reporter-output>
          </reporter-output>
        </test-method> <!-- afterMethodExecution -->
        <test-method status="PASS" signature="navigateToUrl()[pri:0, instance:artID.FurstTest@55f3ddb1]" name="navigateToUrl" is-config="true" duration-ms="147" started-at="2016-08-04T21:32:25Z" finished-at="2016-08-04T21:32:25Z">
          <reporter-output>
          </reporter-output>
        </test-method> <!-- navigateToUrl -->
        <test-method status="FAIL" signature="validateCheckoutButtonWithEmptyFields()[pri:0, instance:artID.FurstTest@55f3ddb1]" name="validateCheckoutButtonWithEmptyFields" duration-ms="21" started-at="2016-08-04T21:32:25Z" finished-at="2016-08-04T21:32:25Z">
          <exception class="java.lang.AssertionError">
            <message>
              <![CDATA[expected [false] but found [true]]]>
            </message>
            <full-stacktrace>
              <![CDATA[java.lang.AssertionError: expected [false] but found [true]
	at org.testng.Assert.fail(Assert.java:94)
	at org.testng.Assert.failNotEquals(Assert.java:494)
	at org.testng.Assert.assertFalse(Assert.java:63)
	at org.testng.Assert.assertFalse(Assert.java:73)
	at artID.FurstTest.validateCheckoutButtonWithEmptyFields(FurstTest.java:34)
	at sun.reflect.NativeMethodAccessorImpl.invoke0(Native Method)
	at sun.reflect.NativeMethodAccessorImpl.invoke(NativeMethodAccessorImpl.java:62)
	at sun.reflect.DelegatingMethodAccessorImpl.invoke(DelegatingMethodAccessorImpl.java:43)
	at java.lang.reflect.Method.invoke(Method.java:498)
	at org.testng.internal.MethodInvocationHelper.invokeMethod(MethodInvocationHelper.java:80)
	at org.testng.internal.Invoker.invokeMethod(Invoker.java:714)
	at org.testng.internal.Invoker.invokeTestMethod(Invoker.java:901)
	at org.testng.internal.Invoker.invokeTestMethods(Invoker.java:1231)
	at org.testng.internal.TestMethodWorker.invokeTestMethods(TestMethodWorker.java:127)
	at org.testng.internal.TestMethodWorker.run(TestMethodWorker.java:111)
	at org.testng.TestRunner.privateRun(TestRunner.java:767)
	at org.testng.TestRunner.run(TestRunner.java:617)
	at org.testng.SuiteRunner.runTest(SuiteRunner.java:334)
	at org.testng.SuiteRunner.runSequentially(SuiteRunner.java:329)
	at org.testng.SuiteRunner.privateRun(SuiteRunner.java:291)
	at org.testng.SuiteRunner.run(SuiteRunner.java:240)
	at org.testng.SuiteRunnerWorker.runSuite(SuiteRunnerWorker.java:52)
	at org.testng.SuiteRunnerWorker.run(SuiteRunnerWorker.java:86)
	at org.testng.TestNG.runSuitesSequentially(TestNG.java:1198)
	at org.testng.TestNG.runSuitesLocally(TestNG.java:1123)
	at org.testng.TestNG.run(TestNG.java:1031)
	at org.testng.remote.AbstractRemoteTestNG.run(AbstractRemoteTestNG.java:126)
	at org.testng.remote.RemoteTestNG.initAndRun(RemoteTestNG.java:152)
	at org.testng.remote.RemoteTestNG.main(RemoteTestNG.java:57)
]]>
            </full-stacktrace>
          </exception> <!-- java.lang.AssertionError -->
          <reporter-output>
          </reporter-output>
        </test-method> <!-- validateCheckoutButtonWithEmptyFields -->
        <test-method status="PASS" signature="afterMethodExecution(org.testng.ITestResult)[pri:0, instance:artID.FurstTest@55f3ddb1]" name="afterMethodExecution" is-config="true" duration-ms="405" started-at="2016-08-04T21:32:25Z" finished-at="2016-08-04T21:32:26Z">
          <params>
            <param index="0">
              <value>
                <![CDATA[[TestResult name=validateCheckoutButtonWithEmptyFields status=FAILURE method=FurstTest.validateCheckoutButtonWithEmptyFields()[pri:0, instance:artID.FurstTest@55f3ddb1] output={null}]]]>
              </value>
            </param>
          </params>
          <reporter-output>
          </reporter-output>
        </test-method> <!-- afterMethodExecution -->
        <test-method status="PASS" signature="navigateToUrl()[pri:0, instance:artID.FurstTest@55f3ddb1]" name="navigateToUrl" is-config="true" duration-ms="176" started-at="2016-08-04T21:32:26Z" finished-at="2016-08-04T21:32:26Z">
          <reporter-output>
          </reporter-output>
        </test-method> <!-- navigateToUrl -->
        <test-method status="PASS" signature="validateMainItems()[pri:0, instance:artID.FurstTest@55f3ddb1]" name="validateMainItems" duration-ms="175" started-at="2016-08-04T21:32:26Z" finished-at="2016-08-04T21:32:26Z">
          <reporter-output>
          </reporter-output>
        </test-method> <!-- validateMainItems -->
        <test-method status="PASS" signature="afterMethodExecution(org.testng.ITestResult)[pri:0, instance:artID.FurstTest@55f3ddb1]" name="afterMethodExecution" is-config="true" duration-ms="0" started-at="2016-08-04T21:32:26Z" finished-at="2016-08-04T21:32:26Z">
          <params>
            <param index="0">
              <value>
                <![CDATA[[TestResult name=validateMainItems status=SUCCESS method=FurstTest.validateMainItems()[pri:0, instance:artID.FurstTest@55f3ddb1] output={null}]]]>
              </value>
            </param>
          </params>
          <reporter-output>
          </reporter-output>
        </test-method> <!-- afterMethodExecution -->
        <test-method status="PASS" signature="tearDown()[pri:0, instance:artID.FurstTest@55f3ddb1]" name="tearDown" is-config="true" duration-ms="630" started-at="2016-08-04T21:32:26Z" finished-at="2016-08-04T21:32:27Z">
          <reporter-output>
          </reporter-output>
        </test-method> <!-- tearDown -->
      </class> <!-- artID.FurstTest -->
    </test> <!-- states -->
  </suite> <!-- TestAll -->
</testng-results>
